<?xml version="1.0" encoding="UTF-8"?>
<!-- Generated by org.testng.reporters.JUnitReportReporter -->
<testsuite skipped="0" hostname="DESKTOP-0D58F7M" name="Tests_PUT" tests="1" failures="0" timestamp="2020-05-23T12:55:24 IST" time="5.919" errors="0">
  <testcase name="test_01" time="5.919" classname="Tests_PUT"/>
  <system-out/>
</testsuite> <!-- Tests_PUT -->
