<?xml version="1.0" encoding="UTF-8"?>
<!-- Generated by org.testng.reporters.JUnitReportReporter -->
<testsuite skipped="0" hostname="DESKTOP-0D58F7M" name="Test01_GET" tests="2" failures="0" timestamp="2020-05-23T11:39:35 IST" time="7.506" errors="0">
  <testcase name="test_02" time="2.844" classname="Test01_GET"/>
  <system-out/>
  <testcase name="test_01" time="4.662" classname="Test01_GET"/>
  <system-out/>
</testsuite> <!-- Test01_GET -->
