<?xml version="1.0" encoding="UTF-8"?>
<!-- Generated by org.testng.reporters.JUnitReportReporter -->
<testsuite skipped="0" hostname="DESKTOP-0D58F7M" name="Tests_PATCH" tests="1" failures="0" timestamp="2020-05-23T12:56:59 IST" time="5.044" errors="0">
  <testcase name="test_01" time="5.044" classname="Tests_PATCH"/>
  <system-out/>
</testsuite> <!-- Tests_PATCH -->
