<?xml version="1.0" encoding="UTF-8"?>
<!-- Generated by org.testng.reporters.JUnitReportReporter -->
<testsuite skipped="0" hostname="DESKTOP-0D58F7M" name="ExamplesAPI" tests="1" failures="0" timestamp="2020-05-23T17:33:07 IST" time="3.829" errors="0">
  <testcase name="test_delete" time="3.829" classname="ExamplesAPI"/>
  <system-out/>
</testsuite> <!-- ExamplesAPI -->
