<?xml version="1.0" encoding="UTF-8"?>
<!-- Generated by org.testng.reporters.JUnitReportReporter -->
<testsuite skipped="0" hostname="DESKTOP-0D58F7M" name="Tests_GET" tests="1" failures="0" timestamp="2020-05-23T12:30:10 IST" time="6.981" errors="0">
  <testcase name="test_01" time="6.981" classname="Tests_GET"/>
  <system-out/>
</testsuite> <!-- Tests_GET -->
